running egg_info
writing ../../build/carla_control_node/carla_control_node.egg-info/PKG-INFO
writing dependency_links to ../../build/carla_control_node/carla_control_node.egg-info/dependency_links.txt
writing entry points to ../../build/carla_control_node/carla_control_node.egg-info/entry_points.txt
writing requirements to ../../build/carla_control_node/carla_control_node.egg-info/requires.txt
writing top-level names to ../../build/carla_control_node/carla_control_node.egg-info/top_level.txt
reading manifest file '../../build/carla_control_node/carla_control_node.egg-info/SOURCES.txt'
writing manifest file '../../build/carla_control_node/carla_control_node.egg-info/SOURCES.txt'
running build
running build_py
running install
running install_lib
running install_data
running install_egg_info
removing '/root/ros2_ws/install/carla_control_node/lib/python3.8/site-packages/carla_control_node-0.0.1-py3.8.egg-info' (and everything under it)
Copying ../../build/carla_control_node/carla_control_node.egg-info to /root/ros2_ws/install/carla_control_node/lib/python3.8/site-packages/carla_control_node-0.0.1-py3.8.egg-info
running install_scripts
Installing control_node script to /root/ros2_ws/install/carla_control_node/bin
Installing spawn_node script to /root/ros2_ws/install/carla_control_node/bin
writing list of installed files to '/root/ros2_ws/build/carla_control_node/install.log'
