[0.000000] (-) TimerEvent: {}
[0.000057] (-) JobUnselected: {'identifier': 'carla_msgs'}
[0.000083] (-) JobUnselected: {'identifier': 'ros2_utils'}
[0.000100] (-) JobUnselected: {'identifier': 'sample_pkg'}
[0.000119] (carla_control_node) JobQueued: {'identifier': 'carla_control_node', 'dependencies': OrderedDict([('carla_msgs', '/root/ros2_ws/install/carla_msgs')])}
[0.000942] (carla_control_node) JobStarted: {'identifier': 'carla_control_node'}
[0.099757] (-) TimerEvent: {}
[0.200009] (-) TimerEvent: {}
[0.300263] (-) TimerEvent: {}
[0.400544] (-) TimerEvent: {}
[0.500820] (-) TimerEvent: {}
[0.537920] (carla_control_node) Command: {'cmd': ['/usr/bin/python3', 'setup.py', 'egg_info', '--egg-base', '../../build/carla_control_node', 'build', '--build-base', '/root/ros2_ws/build/carla_control_node/build', 'install', '--record', '/root/ros2_ws/build/carla_control_node/install.log', '--single-version-externally-managed'], 'cwd': '/root/ros2_ws/src/carla_control_node', 'env': {'HOSTNAME': '74bd1339f0c0', 'SHLVL': '1', 'LD_LIBRARY_PATH': '/ros2_ws/install/carla_msgs/lib:/opt/ros/foxy/opt/yaml_cpp_vendor/lib:/opt/ros/foxy/opt/rviz_ogre_vendor/lib:/opt/ros/foxy/lib/x86_64-linux-gnu:/opt/ros/foxy/lib', 'HOME': '/root', 'OLDPWD': '/', 'ROS_PYTHON_VERSION': '3', 'COLCON_PREFIX_PATH': '/ros2_ws/install', 'ROS_DISTRO': 'foxy', '_': '/usr/bin/colcon', 'ROS_VERSION': '2', 'ROS_LOCALHOST_ONLY': '0', 'PATH': '/ros2_ws/install/carla_control_node/bin:/opt/ros/foxy/bin:/usr/local/sbin:/usr/local/bin:/usr/sbin:/usr/bin:/sbin:/bin', 'LANG': 'C.UTF-8', 'ROS_DOMAIN_ID': '0', 'AMENT_PREFIX_PATH': '/ros2_ws/install/sample_pkg:/ros2_ws/install/ros2_utils:/ros2_ws/install/carla_control_node:/ros2_ws/install/carla_msgs:/opt/ros/foxy', 'PWD': '/root/ros2_ws/build/carla_control_node', 'LC_ALL': 'C.UTF-8', 'PYTHONPATH': '/root/ros2_ws/build/carla_control_node/prefix_override:/root/ros2_ws/install/carla_control_node/lib/python3.8/site-packages:/ros2_ws/install/sample_pkg/lib/python3.8/site-packages:/ros2_ws/install/ros2_utils/lib/python3.8/site-packages:/ros2_ws/install/carla_control_node/lib/python3.8/site-packages:/ros2_ws/install/carla_msgs/lib/python3.8/site-packages:/opt/ros/foxy/lib/python3.8/site-packages', 'COLCON': '1', 'CMAKE_PREFIX_PATH': '/ros2_ws/install/carla_msgs'}, 'shell': False}
[0.600971] (-) TimerEvent: {}
[0.697725] (carla_control_node) StdoutLine: {'line': b'running egg_info\n'}
[0.698007] (carla_control_node) StdoutLine: {'line': b'creating ../../build/carla_control_node/carla_control_node.egg-info\n'}
[0.698177] (carla_control_node) StdoutLine: {'line': b'writing ../../build/carla_control_node/carla_control_node.egg-info/PKG-INFO\n'}
[0.698309] (carla_control_node) StdoutLine: {'line': b'writing dependency_links to ../../build/carla_control_node/carla_control_node.egg-info/dependency_links.txt\n'}
[0.698432] (carla_control_node) StdoutLine: {'line': b'writing entry points to ../../build/carla_control_node/carla_control_node.egg-info/entry_points.txt\n'}
[0.698588] (carla_control_node) StdoutLine: {'line': b'writing requirements to ../../build/carla_control_node/carla_control_node.egg-info/requires.txt\n'}
[0.698643] (carla_control_node) StdoutLine: {'line': b'writing top-level names to ../../build/carla_control_node/carla_control_node.egg-info/top_level.txt\n'}
[0.699720] (carla_control_node) StdoutLine: {'line': b"writing manifest file '../../build/carla_control_node/carla_control_node.egg-info/SOURCES.txt'\n"}
[0.701016] (-) TimerEvent: {}
[0.724389] (carla_control_node) StdoutLine: {'line': b"reading manifest file '../../build/carla_control_node/carla_control_node.egg-info/SOURCES.txt'\n"}
[0.724927] (carla_control_node) StdoutLine: {'line': b"writing manifest file '../../build/carla_control_node/carla_control_node.egg-info/SOURCES.txt'\n"}
[0.725222] (carla_control_node) StdoutLine: {'line': b'running build\n'}
[0.725348] (carla_control_node) StdoutLine: {'line': b'running build_py\n'}
[0.725416] (carla_control_node) StdoutLine: {'line': b'creating /root/ros2_ws/build/carla_control_node/build\n'}
[0.725473] (carla_control_node) StdoutLine: {'line': b'creating /root/ros2_ws/build/carla_control_node/build/lib\n'}
[0.725628] (carla_control_node) StdoutLine: {'line': b'creating /root/ros2_ws/build/carla_control_node/build/lib/carla_control_node\n'}
[0.725696] (carla_control_node) StdoutLine: {'line': b'copying carla_control_node/control_node.py -> /root/ros2_ws/build/carla_control_node/build/lib/carla_control_node\n'}
[0.725761] (carla_control_node) StdoutLine: {'line': b'copying carla_control_node/__init__.py -> /root/ros2_ws/build/carla_control_node/build/lib/carla_control_node\n'}
[0.725870] (carla_control_node) StdoutLine: {'line': b'copying carla_control_node/spawn_node.py -> /root/ros2_ws/build/carla_control_node/build/lib/carla_control_node\n'}
[0.725927] (carla_control_node) StdoutLine: {'line': b'running install\n'}
[0.726379] (carla_control_node) StdoutLine: {'line': b'running install_lib\n'}
[0.727227] (carla_control_node) StdoutLine: {'line': b'creating /root/ros2_ws/install/carla_control_node/lib/python3.8/site-packages/carla_control_node\n'}
[0.727365] (carla_control_node) StdoutLine: {'line': b'copying /root/ros2_ws/build/carla_control_node/build/lib/carla_control_node/control_node.py -> /root/ros2_ws/install/carla_control_node/lib/python3.8/site-packages/carla_control_node\n'}
[0.727424] (carla_control_node) StdoutLine: {'line': b'copying /root/ros2_ws/build/carla_control_node/build/lib/carla_control_node/__init__.py -> /root/ros2_ws/install/carla_control_node/lib/python3.8/site-packages/carla_control_node\n'}
[0.727540] (carla_control_node) StdoutLine: {'line': b'copying /root/ros2_ws/build/carla_control_node/build/lib/carla_control_node/spawn_node.py -> /root/ros2_ws/install/carla_control_node/lib/python3.8/site-packages/carla_control_node\n'}
[0.727849] (carla_control_node) StdoutLine: {'line': b'byte-compiling /root/ros2_ws/install/carla_control_node/lib/python3.8/site-packages/carla_control_node/control_node.py to control_node.cpython-38.pyc\n'}
[0.729086] (carla_control_node) StdoutLine: {'line': b'byte-compiling /root/ros2_ws/install/carla_control_node/lib/python3.8/site-packages/carla_control_node/__init__.py to __init__.cpython-38.pyc\n'}
[0.729232] (carla_control_node) StdoutLine: {'line': b'byte-compiling /root/ros2_ws/install/carla_control_node/lib/python3.8/site-packages/carla_control_node/spawn_node.py to spawn_node.cpython-38.pyc\n'}
[0.729723] (carla_control_node) StdoutLine: {'line': b'running install_data\n'}
[0.730058] (carla_control_node) StdoutLine: {'line': b'creating /root/ros2_ws/install/carla_control_node/share/ament_index\n'}
[0.730190] (carla_control_node) StdoutLine: {'line': b'creating /root/ros2_ws/install/carla_control_node/share/ament_index/resource_index\n'}
[0.730379] (carla_control_node) StdoutLine: {'line': b'creating /root/ros2_ws/install/carla_control_node/share/ament_index/resource_index/packages\n'}
[0.730434] (carla_control_node) StdoutLine: {'line': b'copying resource/carla_control_node -> /root/ros2_ws/install/carla_control_node/share/ament_index/resource_index/packages\n'}
[0.730500] (carla_control_node) StdoutLine: {'line': b'copying package.xml -> /root/ros2_ws/install/carla_control_node/share/carla_control_node\n'}
[0.730561] (carla_control_node) StdoutLine: {'line': b'running install_egg_info\n'}
[0.731760] (carla_control_node) StdoutLine: {'line': b'Copying ../../build/carla_control_node/carla_control_node.egg-info to /root/ros2_ws/install/carla_control_node/lib/python3.8/site-packages/carla_control_node-0.0.1-py3.8.egg-info\n'}
[0.732612] (carla_control_node) StdoutLine: {'line': b'running install_scripts\n'}
[0.746907] (carla_control_node) StdoutLine: {'line': b'Installing control_node script to /root/ros2_ws/install/carla_control_node/bin\n'}
[0.747152] (carla_control_node) StdoutLine: {'line': b'Installing spawn_node script to /root/ros2_ws/install/carla_control_node/bin\n'}
[0.747319] (carla_control_node) StdoutLine: {'line': b"writing list of installed files to '/root/ros2_ws/build/carla_control_node/install.log'\n"}
[0.769305] (carla_control_node) CommandEnded: {'returncode': 0}
[0.786062] (carla_control_node) JobEnded: {'identifier': 'carla_control_node', 'rc': 0}
[0.786518] (-) EventReactorShutdown: {}
