running egg_info
creating ../../build/carla_control_node/carla_control_node.egg-info
writing ../../build/carla_control_node/carla_control_node.egg-info/PKG-INFO
writing dependency_links to ../../build/carla_control_node/carla_control_node.egg-info/dependency_links.txt
writing entry points to ../../build/carla_control_node/carla_control_node.egg-info/entry_points.txt
writing requirements to ../../build/carla_control_node/carla_control_node.egg-info/requires.txt
writing top-level names to ../../build/carla_control_node/carla_control_node.egg-info/top_level.txt
writing manifest file '../../build/carla_control_node/carla_control_node.egg-info/SOURCES.txt'
reading manifest file '../../build/carla_control_node/carla_control_node.egg-info/SOURCES.txt'
writing manifest file '../../build/carla_control_node/carla_control_node.egg-info/SOURCES.txt'
running build
running build_py
creating /root/ros2_ws/build/carla_control_node/build
creating /root/ros2_ws/build/carla_control_node/build/lib
creating /root/ros2_ws/build/carla_control_node/build/lib/carla_control_node
copying carla_control_node/control_node.py -> /root/ros2_ws/build/carla_control_node/build/lib/carla_control_node
copying carla_control_node/__init__.py -> /root/ros2_ws/build/carla_control_node/build/lib/carla_control_node
copying carla_control_node/spawn_node.py -> /root/ros2_ws/build/carla_control_node/build/lib/carla_control_node
running install
running install_lib
creating /root/ros2_ws/install/carla_control_node/lib/python3.8/site-packages/carla_control_node
copying /root/ros2_ws/build/carla_control_node/build/lib/carla_control_node/control_node.py -> /root/ros2_ws/install/carla_control_node/lib/python3.8/site-packages/carla_control_node
copying /root/ros2_ws/build/carla_control_node/build/lib/carla_control_node/__init__.py -> /root/ros2_ws/install/carla_control_node/lib/python3.8/site-packages/carla_control_node
copying /root/ros2_ws/build/carla_control_node/build/lib/carla_control_node/spawn_node.py -> /root/ros2_ws/install/carla_control_node/lib/python3.8/site-packages/carla_control_node
byte-compiling /root/ros2_ws/install/carla_control_node/lib/python3.8/site-packages/carla_control_node/control_node.py to control_node.cpython-38.pyc
byte-compiling /root/ros2_ws/install/carla_control_node/lib/python3.8/site-packages/carla_control_node/__init__.py to __init__.cpython-38.pyc
byte-compiling /root/ros2_ws/install/carla_control_node/lib/python3.8/site-packages/carla_control_node/spawn_node.py to spawn_node.cpython-38.pyc
running install_data
creating /root/ros2_ws/install/carla_control_node/share/ament_index
creating /root/ros2_ws/install/carla_control_node/share/ament_index/resource_index
creating /root/ros2_ws/install/carla_control_node/share/ament_index/resource_index/packages
copying resource/carla_control_node -> /root/ros2_ws/install/carla_control_node/share/ament_index/resource_index/packages
copying package.xml -> /root/ros2_ws/install/carla_control_node/share/carla_control_node
running install_egg_info
Copying ../../build/carla_control_node/carla_control_node.egg-info to /root/ros2_ws/install/carla_control_node/lib/python3.8/site-packages/carla_control_node-0.0.1-py3.8.egg-info
running install_scripts
Installing control_node script to /root/ros2_ws/install/carla_control_node/bin
Installing spawn_node script to /root/ros2_ws/install/carla_control_node/bin
writing list of installed files to '/root/ros2_ws/build/carla_control_node/install.log'
