[0.540s] Invoking command in '/root/ros2_ws/src/carla_control_node': PYTHONPATH=/root/ros2_ws/build/carla_control_node/prefix_override:/root/ros2_ws/install/carla_control_node/lib/python3.8/site-packages:${PYTHONPATH} /usr/bin/python3 setup.py egg_info --egg-base ../../build/carla_control_node build --build-base /root/ros2_ws/build/carla_control_node/build install --record /root/ros2_ws/build/carla_control_node/install.log --single-version-externally-managed
[0.697s] running egg_info
[0.697s] creating ../../build/carla_control_node/carla_control_node.egg-info
[0.697s] writing ../../build/carla_control_node/carla_control_node.egg-info/PKG-INFO
[0.697s] writing dependency_links to ../../build/carla_control_node/carla_control_node.egg-info/dependency_links.txt
[0.698s] writing entry points to ../../build/carla_control_node/carla_control_node.egg-info/entry_points.txt
[0.698s] writing requirements to ../../build/carla_control_node/carla_control_node.egg-info/requires.txt
[0.698s] writing top-level names to ../../build/carla_control_node/carla_control_node.egg-info/top_level.txt
[0.699s] writing manifest file '../../build/carla_control_node/carla_control_node.egg-info/SOURCES.txt'
[0.724s] reading manifest file '../../build/carla_control_node/carla_control_node.egg-info/SOURCES.txt'
[0.724s] writing manifest file '../../build/carla_control_node/carla_control_node.egg-info/SOURCES.txt'
[0.724s] running build
[0.724s] running build_py
[0.724s] creating /root/ros2_ws/build/carla_control_node/build
[0.725s] creating /root/ros2_ws/build/carla_control_node/build/lib
[0.725s] creating /root/ros2_ws/build/carla_control_node/build/lib/carla_control_node
[0.725s] copying carla_control_node/control_node.py -> /root/ros2_ws/build/carla_control_node/build/lib/carla_control_node
[0.725s] copying carla_control_node/__init__.py -> /root/ros2_ws/build/carla_control_node/build/lib/carla_control_node
[0.725s] copying carla_control_node/spawn_node.py -> /root/ros2_ws/build/carla_control_node/build/lib/carla_control_node
[0.725s] running install
[0.725s] running install_lib
[0.726s] creating /root/ros2_ws/install/carla_control_node/lib/python3.8/site-packages/carla_control_node
[0.726s] copying /root/ros2_ws/build/carla_control_node/build/lib/carla_control_node/control_node.py -> /root/ros2_ws/install/carla_control_node/lib/python3.8/site-packages/carla_control_node
[0.727s] copying /root/ros2_ws/build/carla_control_node/build/lib/carla_control_node/__init__.py -> /root/ros2_ws/install/carla_control_node/lib/python3.8/site-packages/carla_control_node
[0.727s] copying /root/ros2_ws/build/carla_control_node/build/lib/carla_control_node/spawn_node.py -> /root/ros2_ws/install/carla_control_node/lib/python3.8/site-packages/carla_control_node
[0.727s] byte-compiling /root/ros2_ws/install/carla_control_node/lib/python3.8/site-packages/carla_control_node/control_node.py to control_node.cpython-38.pyc
[0.728s] byte-compiling /root/ros2_ws/install/carla_control_node/lib/python3.8/site-packages/carla_control_node/__init__.py to __init__.cpython-38.pyc
[0.728s] byte-compiling /root/ros2_ws/install/carla_control_node/lib/python3.8/site-packages/carla_control_node/spawn_node.py to spawn_node.cpython-38.pyc
[0.729s] running install_data
[0.729s] creating /root/ros2_ws/install/carla_control_node/share/ament_index
[0.729s] creating /root/ros2_ws/install/carla_control_node/share/ament_index/resource_index
[0.729s] creating /root/ros2_ws/install/carla_control_node/share/ament_index/resource_index/packages
[0.730s] copying resource/carla_control_node -> /root/ros2_ws/install/carla_control_node/share/ament_index/resource_index/packages
[0.730s] copying package.xml -> /root/ros2_ws/install/carla_control_node/share/carla_control_node
[0.730s] running install_egg_info
[0.731s] Copying ../../build/carla_control_node/carla_control_node.egg-info to /root/ros2_ws/install/carla_control_node/lib/python3.8/site-packages/carla_control_node-0.0.1-py3.8.egg-info
[0.732s] running install_scripts
[0.746s] Installing control_node script to /root/ros2_ws/install/carla_control_node/bin
[0.746s] Installing spawn_node script to /root/ros2_ws/install/carla_control_node/bin
[0.746s] writing list of installed files to '/root/ros2_ws/build/carla_control_node/install.log'
[0.769s] Invoked command in '/root/ros2_ws/src/carla_control_node' returned '0': PYTHONPATH=/root/ros2_ws/build/carla_control_node/prefix_override:/root/ros2_ws/install/carla_control_node/lib/python3.8/site-packages:${PYTHONPATH} /usr/bin/python3 setup.py egg_info --egg-base ../../build/carla_control_node build --build-base /root/ros2_ws/build/carla_control_node/build install --record /root/ros2_ws/build/carla_control_node/install.log --single-version-externally-managed
